mode: set
maniar.tech/processious/funcs/currency/to_inr.go:18.39,31.37 12 1
maniar.tech/processious/funcs/currency/to_inr.go:38.2,43.31 5 1
maniar.tech/processious/funcs/currency/to_inr.go:137.2,137.16 1 1
maniar.tech/processious/funcs/currency/to_inr.go:141.2,141.43 1 0
maniar.tech/processious/funcs/currency/to_inr.go:31.37,34.3 2 0
maniar.tech/processious/funcs/currency/to_inr.go:34.8,36.3 1 1
maniar.tech/processious/funcs/currency/to_inr.go:43.31,45.18 2 1
maniar.tech/processious/funcs/currency/to_inr.go:52.3,52.17 1 1
maniar.tech/processious/funcs/currency/to_inr.go:72.3,72.18 1 1
maniar.tech/processious/funcs/currency/to_inr.go:45.18,48.19 3 0
maniar.tech/processious/funcs/currency/to_inr.go:48.19,50.5 1 0
maniar.tech/processious/funcs/currency/to_inr.go:52.17,53.31 1 0
maniar.tech/processious/funcs/currency/to_inr.go:53.31,55.5 1 0
maniar.tech/processious/funcs/currency/to_inr.go:55.10,55.39 1 0
maniar.tech/processious/funcs/currency/to_inr.go:55.39,57.5 1 0
maniar.tech/processious/funcs/currency/to_inr.go:57.10,57.40 1 0
maniar.tech/processious/funcs/currency/to_inr.go:57.40,60.18 3 0
maniar.tech/processious/funcs/currency/to_inr.go:60.18,62.6 1 0
maniar.tech/processious/funcs/currency/to_inr.go:62.11,64.6 1 0
maniar.tech/processious/funcs/currency/to_inr.go:65.10,65.27 1 0
maniar.tech/processious/funcs/currency/to_inr.go:65.27,69.5 2 0
maniar.tech/processious/funcs/currency/to_inr.go:72.18,74.4 1 0
maniar.tech/processious/funcs/currency/to_inr.go:74.9,74.39 1 1
maniar.tech/processious/funcs/currency/to_inr.go:74.39,76.4 1 1
maniar.tech/processious/funcs/currency/to_inr.go:76.9,76.26 1 1
maniar.tech/processious/funcs/currency/to_inr.go:76.26,78.4 1 1
maniar.tech/processious/funcs/currency/to_inr.go:78.9,78.40 1 1
maniar.tech/processious/funcs/currency/to_inr.go:78.40,80.4 1 1
maniar.tech/processious/funcs/currency/to_inr.go:80.9,82.18 2 1
maniar.tech/processious/funcs/currency/to_inr.go:82.18,84.26 2 1
maniar.tech/processious/funcs/currency/to_inr.go:108.5,109.18 2 1
maniar.tech/processious/funcs/currency/to_inr.go:132.5,133.22 2 1
maniar.tech/processious/funcs/currency/to_inr.go:84.26,88.19 4 1
maniar.tech/processious/funcs/currency/to_inr.go:91.6,91.32 1 1
maniar.tech/processious/funcs/currency/to_inr.go:105.6,106.24 2 1
maniar.tech/processious/funcs/currency/to_inr.go:88.19,90.7 1 1
maniar.tech/processious/funcs/currency/to_inr.go:91.32,93.7 1 0
maniar.tech/processious/funcs/currency/to_inr.go:93.12,93.27 1 1
maniar.tech/processious/funcs/currency/to_inr.go:93.27,95.7 1 0
maniar.tech/processious/funcs/currency/to_inr.go:95.12,98.20 3 1
maniar.tech/processious/funcs/currency/to_inr.go:101.7,101.20 1 1
maniar.tech/processious/funcs/currency/to_inr.go:98.20,100.8 1 1
maniar.tech/processious/funcs/currency/to_inr.go:101.20,103.8 1 1
maniar.tech/processious/funcs/currency/to_inr.go:109.18,111.31 2 1
maniar.tech/processious/funcs/currency/to_inr.go:114.6,114.31 1 1
maniar.tech/processious/funcs/currency/to_inr.go:129.6,130.30 2 1
maniar.tech/processious/funcs/currency/to_inr.go:111.31,113.7 1 1
maniar.tech/processious/funcs/currency/to_inr.go:114.31,116.7 1 1
maniar.tech/processious/funcs/currency/to_inr.go:116.12,116.27 1 1
maniar.tech/processious/funcs/currency/to_inr.go:116.27,118.7 1 1
maniar.tech/processious/funcs/currency/to_inr.go:118.12,118.39 1 1
maniar.tech/processious/funcs/currency/to_inr.go:118.39,120.7 1 1
maniar.tech/processious/funcs/currency/to_inr.go:120.12,122.20 2 1
maniar.tech/processious/funcs/currency/to_inr.go:125.7,125.20 1 1
maniar.tech/processious/funcs/currency/to_inr.go:122.20,124.8 1 1
maniar.tech/processious/funcs/currency/to_inr.go:125.20,127.8 1 1
maniar.tech/processious/funcs/currency/to_inr.go:137.16,139.3 1 1
maniar.tech/processious/funcs/currency/to_inr.go:144.38,162.37 17 0
maniar.tech/processious/funcs/currency/to_inr.go:171.2,171.31 1 0
maniar.tech/processious/funcs/currency/to_inr.go:204.2,204.17 1 0
maniar.tech/processious/funcs/currency/to_inr.go:241.2,241.15 1 0
maniar.tech/processious/funcs/currency/to_inr.go:246.2,246.11 1 0
maniar.tech/processious/funcs/currency/to_inr.go:162.37,165.45 3 0
maniar.tech/processious/funcs/currency/to_inr.go:165.45,167.4 1 0
maniar.tech/processious/funcs/currency/to_inr.go:168.8,170.3 1 0
maniar.tech/processious/funcs/currency/to_inr.go:171.31,173.17 2 0
maniar.tech/processious/funcs/currency/to_inr.go:180.3,180.16 1 0
maniar.tech/processious/funcs/currency/to_inr.go:173.17,176.19 3 0
maniar.tech/processious/funcs/currency/to_inr.go:176.19,178.5 1 0
maniar.tech/processious/funcs/currency/to_inr.go:180.16,181.29 1 0
maniar.tech/processious/funcs/currency/to_inr.go:181.29,183.27 2 0
maniar.tech/processious/funcs/currency/to_inr.go:183.27,185.6 1 0
maniar.tech/processious/funcs/currency/to_inr.go:185.11,187.6 1 0
maniar.tech/processious/funcs/currency/to_inr.go:188.10,188.37 1 0
maniar.tech/processious/funcs/currency/to_inr.go:188.37,190.5 1 0
maniar.tech/processious/funcs/currency/to_inr.go:190.10,190.38 1 0
maniar.tech/processious/funcs/currency/to_inr.go:190.38,193.18 3 0
maniar.tech/processious/funcs/currency/to_inr.go:193.18,195.6 1 0
maniar.tech/processious/funcs/currency/to_inr.go:195.11,197.6 1 0
maniar.tech/processious/funcs/currency/to_inr.go:198.10,198.26 1 0
maniar.tech/processious/funcs/currency/to_inr.go:198.26,201.5 2 0
maniar.tech/processious/funcs/currency/to_inr.go:204.17,206.3 1 0
maniar.tech/processious/funcs/currency/to_inr.go:206.8,206.38 1 0
maniar.tech/processious/funcs/currency/to_inr.go:206.38,208.3 1 0
maniar.tech/processious/funcs/currency/to_inr.go:208.8,208.25 1 0
maniar.tech/processious/funcs/currency/to_inr.go:208.25,210.3 1 0
maniar.tech/processious/funcs/currency/to_inr.go:210.8,210.39 1 0
maniar.tech/processious/funcs/currency/to_inr.go:210.39,212.3 1 0
maniar.tech/processious/funcs/currency/to_inr.go:212.8,214.17 2 0
maniar.tech/processious/funcs/currency/to_inr.go:214.17,218.17 4 0
maniar.tech/processious/funcs/currency/to_inr.go:236.4,238.18 3 0
maniar.tech/processious/funcs/currency/to_inr.go:218.17,219.13 1 0
maniar.tech/processious/funcs/currency/to_inr.go:220.10,221.18 1 0
maniar.tech/processious/funcs/currency/to_inr.go:232.5,232.22 1 0
maniar.tech/processious/funcs/currency/to_inr.go:221.18,222.14 1 0
maniar.tech/processious/funcs/currency/to_inr.go:223.11,223.37 1 0
maniar.tech/processious/funcs/currency/to_inr.go:223.37,225.6 1 0
maniar.tech/processious/funcs/currency/to_inr.go:225.11,225.26 1 0
maniar.tech/processious/funcs/currency/to_inr.go:225.26,227.6 1 0
maniar.tech/processious/funcs/currency/to_inr.go:227.11,227.38 1 0
maniar.tech/processious/funcs/currency/to_inr.go:227.38,229.6 1 0
maniar.tech/processious/funcs/currency/to_inr.go:229.11,231.6 1 0
maniar.tech/processious/funcs/currency/to_inr.go:232.22,234.6 1 0
maniar.tech/processious/funcs/currency/to_inr.go:241.15,243.3 1 0
maniar.tech/processious/funcs/currency/to_inr.go:243.8,245.3 1 0
